2024-10-13 13:30:13.387207 - Client 1 connected at 2024-10-13 13:30:13.387207
2024-10-13 13:30:13.387207 - Client 2 connected at 2024-10-13 13:30:13.387207
2024-10-13 13:30:13.387207 - Client 3 connected at 2024-10-13 13:30:13.387207
2024-10-13 13:30:13.387207 - Client 2 sent: Hello from client 2
2024-10-13 13:30:13.387207 - Client 0 connected at 2024-10-13 13:30:13.387207
2024-10-13 13:30:13.387207 - Client 4 connected at 2024-10-13 13:30:13.387207
2024-10-13 13:30:13.387207 - Client 1 sent: Hello from client 1
2024-10-13 13:30:13.387207 - Client 0 sent: Hello from client 0
2024-10-13 13:30:13.387207 - Client 5 connected at 2024-10-13 13:30:13.387207
2024-10-13 13:30:13.387207 - Client 3 sent: Hello from client 3
2024-10-13 13:30:13.387207 - Client 7 connected at 2024-10-13 13:30:13.387207
2024-10-13 13:30:13.387207 - Client 6 connected at 2024-10-13 13:30:13.387207
2024-10-13 13:30:13.387207 - Client 0 received: Backend response: Hello from client 0 (Round-trip time: 0.000000 seconds)
2024-10-13 13:30:13.387207 - Client 1 received: Backend response: Hello from client 1 (Round-trip time: 0.000000 seconds)
2024-10-13 13:30:13.387207 - Client 4 sent: Hello from client 4
2024-10-13 13:30:13.387207 - Client 9 connected at 2024-10-13 13:30:13.387207
2024-10-13 13:30:13.387207 - Client 2 received: Backend response: Hello from client 2 (Round-trip time: 0.000000 seconds)
2024-10-13 13:30:13.387207 - Client 5 sent: Hello from client 5
2024-10-13 13:30:13.387207 - Client 4 received: Backend response: Hello from client 4 (Round-trip time: 0.000000 seconds)
2024-10-13 13:30:13.387207 - Client 3 received: Backend response: Hello from client 3 (Round-trip time: 0.000000 seconds)
2024-10-13 13:30:13.387207 - Client 7 sent: Hello from client 7
2024-10-13 13:30:13.387207 - Client 8 connected at 2024-10-13 13:30:13.387207
2024-10-13 13:30:13.387207 - Client 6 sent: Hello from client 6
2024-10-13 13:30:13.387207 - Client 9 sent: Hello from client 9
2024-10-13 13:30:13.387207 - Client 5 received: Backend response: Hello from client 5 (Round-trip time: 0.000000 seconds)
2024-10-13 13:30:13.387207 - Client 8 sent: Hello from client 8
2024-10-13 13:30:13.387207 - Client 6 received: Backend response: Hello from client 6 (Round-trip time: 0.000000 seconds)
2024-10-13 13:30:13.387207 - Client 7 received: Backend response: Hello from client 7 (Round-trip time: 0.000000 seconds)
2024-10-13 13:30:13.387207 - Client 9 received: Backend response: Hello from client 9 (Round-trip time: 0.000000 seconds)
2024-10-13 13:30:13.387207 - Client 8 received: Backend response: Hello from client 8 (Round-trip time: 0.000000 seconds)
2024-10-13 13:32:50.688065 - Client 2 connected at 2024-10-13 13:32:50.688065
2024-10-13 13:32:50.688065 - Client 0 connected at 2024-10-13 13:32:50.688065
2024-10-13 13:32:50.688065 - Client 3 connected at 2024-10-13 13:32:50.688065
2024-10-13 13:32:50.688065 - Client 4 connected at 2024-10-13 13:32:50.688065
2024-10-13 13:32:50.688065 - Client 1 connected at 2024-10-13 13:32:50.688065
2024-10-13 13:32:50.688065 - Client 3 sent: Hello from client 3
2024-10-13 13:32:50.688065 - Client 5 connected at 2024-10-13 13:32:50.688065
2024-10-13 13:32:50.688065 - Client 8 connected at 2024-10-13 13:32:50.688065
2024-10-13 13:32:50.688065 - Client 1 sent: Hello from client 1
2024-10-13 13:32:50.688065 - Client 9 connected at 2024-10-13 13:32:50.688065
2024-10-13 13:32:50.688065 - Client 6 connected at 2024-10-13 13:32:50.688065
2024-10-13 13:32:50.688065 - Client 0 sent: Hello from client 0
2024-10-13 13:32:50.688065 - Client 7 connected at 2024-10-13 13:32:50.688065
2024-10-13 13:32:50.688065 - Client 8 sent: Hello from client 8
2024-10-13 13:32:50.688065 - Client 4 sent: Hello from client 4
2024-10-13 13:32:50.688065 - Client 2 received: Backend response: Hello from client 2 (Round-trip time: 0.000000 seconds)
2024-10-13 13:32:50.688065 - Client 5 sent: Hello from client 5
2024-10-13 13:32:50.688065 - Client 9 sent: Hello from client 9
2024-10-13 13:32:50.688065 - Client 7 sent: Hello from client 7
2024-10-13 13:32:50.688065 - Client 1 received: Backend response: Hello from client 1 (Round-trip time: 0.000000 seconds)
2024-10-13 13:32:50.688065 - Client 0 received: Backend response: Hello from client 0 (Round-trip time: 0.000000 seconds)
2024-10-13 13:32:50.688065 - Client 3 received: Backend response: Hello from client 3 (Round-trip time: 0.000000 seconds)
2024-10-13 13:32:50.688065 - Client 6 sent: Hello from client 6
2024-10-13 13:32:50.688065 - Client 4 received: Backend response: Hello from client 4 (Round-trip time: 0.000000 seconds)
2024-10-13 13:32:50.688065 - Client 5 received: Backend response: Hello from client 5 (Round-trip time: 0.000000 seconds)
2024-10-13 13:32:50.688065 - Client 7 received: Backend response: Hello from client 7 (Round-trip time: 0.000000 seconds)
2024-10-13 13:32:50.688065 - Client 6 received: Backend response: Hello from client 6 (Round-trip time: 0.000000 seconds)
2024-10-13 13:32:50.688065 - Client 9 received: Backend response: Hello from client 9 (Round-trip time: 0.000000 seconds)
2024-10-13 13:32:50.688065 - Client 8 received: Backend response: Hello from client 8 (Round-trip time: 0.000000 seconds)
2024-10-13 13:33:06.279453 - Client 0 connected at 2024-10-13 13:33:06.279453
2024-10-13 13:33:06.279453 - Client 1 connected at 2024-10-13 13:33:06.279453
2024-10-13 13:33:06.279453 - Client 3 connected at 2024-10-13 13:33:06.279453
2024-10-13 13:33:06.279453 - Client 2 connected at 2024-10-13 13:33:06.279453
2024-10-13 13:33:06.279453 - Client 0 sent: Hello from client 0
2024-10-13 13:33:06.279453 - Client 4 connected at 2024-10-13 13:33:06.279453
2024-10-13 13:33:06.279453 - Client 1 sent: Hello from client 1
2024-10-13 13:33:06.279453 - Client 5 connected at 2024-10-13 13:33:06.279453
2024-10-13 13:33:06.279453 - Client 2 sent: Hello from client 2
2024-10-13 13:33:06.279453 - Client 7 connected at 2024-10-13 13:33:06.279453
2024-10-13 13:33:06.279453 - Client 0 received: Backend response: Hello from client 0 (Round-trip time: 0.000000 seconds)
2024-10-13 13:33:06.279453 - Client 1 received: Backend response: Hello from client 1 (Round-trip time: 0.000000 seconds)
2024-10-13 13:33:06.279453 - Client 6 connected at 2024-10-13 13:33:06.279453
2024-10-13 13:33:06.279453 - Client 4 sent: Hello from client 4
2024-10-13 13:33:06.295071 - Client 5 sent: Hello from client 5
2024-10-13 13:33:06.295071 - Client 6 sent: Hello from client 6
2024-10-13 13:33:06.295071 - Client 2 received: Backend response: Hello from client 2 (Round-trip time: 0.000000 seconds)
2024-10-13 13:33:06.295071 - Client 10 connected at 2024-10-13 13:33:06.295071
2024-10-13 13:33:06.295071 - Client 3 sent: Hello from client 3
2024-10-13 13:33:06.295071 - Client 11 connected at 2024-10-13 13:33:06.295071
2024-10-13 13:33:06.295071 - Client 9 connected at 2024-10-13 13:33:06.295071
2024-10-13 13:33:06.295071 - Client 8 connected at 2024-10-13 13:33:06.279453
2024-10-13 13:33:06.295071 - Client 7 sent: Hello from client 7
2024-10-13 13:33:06.295071 - Client 4 received: Backend response: Hello from client 4 (Round-trip time: 0.015618 seconds)
2024-10-13 13:33:06.295071 - Client 5 received: Backend response: Hello from client 5 (Round-trip time: 0.015618 seconds)
2024-10-13 13:33:06.295071 - Client 12 connected at 2024-10-13 13:33:06.295071
2024-10-13 13:33:06.295071 - Client 7 received: Backend response: Hello from client 7 (Round-trip time: 0.015618 seconds)
2024-10-13 13:33:06.295071 - Client 3 received: Backend response: Hello from client 3 (Round-trip time: 0.015618 seconds)
2024-10-13 13:33:06.295071 - Client 15 connected at 2024-10-13 13:33:06.295071
2024-10-13 13:33:06.295071 - Client 8 sent: Hello from client 8
2024-10-13 13:33:06.295071 - Client 14 connected at 2024-10-13 13:33:06.295071
2024-10-13 13:33:06.295071 - Client 11 sent: Hello from client 11
2024-10-13 13:33:06.295071 - Client 8 received: Backend response: Hello from client 8 (Round-trip time: 0.015618 seconds)
2024-10-13 13:33:06.295071 - Client 12 sent: Hello from client 12
2024-10-13 13:33:06.295071 - Client 16 connected at 2024-10-13 13:33:06.295071
2024-10-13 13:33:06.295071 - Client 10 sent: Hello from client 10
2024-10-13 13:33:06.295071 - Client 14 sent: Hello from client 14
2024-10-13 13:33:06.295071 - Client 13 connected at 2024-10-13 13:33:06.295071
2024-10-13 13:33:06.295071 - Client 6 received: Backend response: Hello from client 6 (Round-trip time: 0.015618 seconds)
2024-10-13 13:33:06.295071 - Client 9 sent: Hello from client 9
2024-10-13 13:33:06.295071 - Client 11 received: Backend response: Hello from client 11 (Round-trip time: 0.000000 seconds)
2024-10-13 13:33:06.295071 - Client 17 connected at 2024-10-13 13:33:06.295071
2024-10-13 13:33:06.295071 - Client 10 received: Backend response: Hello from client 10 (Round-trip time: 0.000000 seconds)
2024-10-13 13:33:06.295071 - Client 15 sent: Hello from client 15
2024-10-13 13:33:06.295071 - Client 18 connected at 2024-10-13 13:33:06.295071
2024-10-13 13:33:06.295071 - Client 13 sent: Hello from client 13
2024-10-13 13:33:06.295071 - Client 19 connected at 2024-10-13 13:33:06.295071
2024-10-13 13:33:06.295071 - Client 16 sent: Hello from client 16
2024-10-13 13:33:06.295071 - Client 12 received: Backend response: Hello from client 12 (Round-trip time: 0.000000 seconds)
2024-10-13 13:33:06.295071 - Client 17 sent: Hello from client 17
2024-10-13 13:33:06.295071 - Client 9 received: Backend response: Hello from client 9 (Round-trip time: 0.000000 seconds)
2024-10-13 13:33:06.295071 - Client 13 received: Backend response: Hello from client 13 (Round-trip time: 0.000000 seconds)
2024-10-13 13:33:06.295071 - Client 14 received: Backend response: Hello from client 14 (Round-trip time: 0.000000 seconds)
2024-10-13 13:33:06.295071 - Client 16 received: Backend response: Hello from client 16 (Round-trip time: 0.000000 seconds)
2024-10-13 13:33:06.295071 - Client 15 received: Backend response: Hello from client 15 (Round-trip time: 0.000000 seconds)
2024-10-13 13:33:06.295071 - Client 18 sent: Hello from client 18
2024-10-13 13:33:06.295071 - Client 19 sent: Hello from client 19
2024-10-13 13:33:06.295071 - Client 17 received: Backend response: Hello from client 17 (Round-trip time: 0.000000 seconds)
2024-10-13 13:33:06.295071 - Client 19 received: Backend response: Hello from client 19 (Round-trip time: 0.000000 seconds)
2024-10-13 13:33:06.295071 - Client 18 received: Backend response: Hello from client 18 (Round-trip time: 0.000000 seconds)
2024-10-13 21:19:53.587359 - Client 1 connected at 2024-10-13 21:19:53.587359
2024-10-13 21:19:53.587359 - Client 2 connected at 2024-10-13 21:19:53.587359
2024-10-13 21:19:53.587359 - Client 0 connected at 2024-10-13 21:19:53.587359
2024-10-13 21:19:53.587359 - Client 1 sent: Hello from client 1
2024-10-13 21:19:53.587359 - Client 2 sent: Hello from client 2
2024-10-13 21:19:53.587359 - Client 0 sent: Hello from client 0
19:53.587359
2024-10-13 21:19:53.587359 - Client 4 connected at 2024-10-13 21:19:53.587359
2024-10-13 21:19:53.587359 - Client 6 connected at 2024-10-13 21:19:53.587359
2024-10-13 21:19:53.587359 - Client 3 sent: Hello from client 3
2024-10-13 21:19:53.587359 - Client 7 connected at 2024-10-13 21:19:53.587359
2024-10-13 21:19:53.587359 - Client 8 connected at 2024-10-13 21:19:53.587359
2024-10-13 21:19:53.587359 - Client 5 sent: Hello from client 5
2024-10-13 21:19:53.587359 - Client 4 sent: Hello from client 4
2024-10-13 21:19:53.587359 - Client 1 received: Backend response: Hello from client 1 (Round-trip time: 0.000000 seconds)
2024-10-13 21:19:53.587359 - Client 9 connected at 2024-10-13 21:19:53.587359
2024-10-13 21:19:53.587359 - Client 0 received: Backend response: Hello from client 0 (Round-trip time: 0.000000 seconds)
2024-10-13 21:19:53.587359 - Client 3 received: Backend response: Hello from client 3 (Round-trip time: 0.000000 seconds)
2024-10-13 21:19:53.587359 - Client 11 connected at 2024-10-13 21:19:53.587359
2024-10-13 21:19:53.587359 - Client 2 received: Backend response: Hello from client 2 (Round-trip time: 0.000000 seconds)
2024-10-13 21:19:53.587359 - Client 6 sent: Hello from client 6
2024-10-13 21:19:53.587359 - Client 7 sent: Hello from client 7
2024-10-13 21:19:53.587359 - Client 8 sent: Hello from client 8
2024-10-13 21:19:53.587359 - Client 12 connected at 2024-10-13 21:19:53.587359
2024-10-13 21:19:53.587359 - Client 4 received: Backend response: Hello from client 4 (Round-trip time: 0.000000 seconds)
2024-10-13 21:19:53.587359 - Client 13 connected at 2024-10-13 21:19:53.587359
2024-10-13 21:19:53.587359 - Client 10 connected at 2024-10-13 21:19:53.587359
2024-10-13 21:19:53.587359 - Client 11 sent: Hello from client 11
2024-10-13 21:19:53.602957 - Client 9 sent: Hello from client 9
2024-10-13 21:19:53.604319 - Client 7 received: Backend response: Hello from client 7 (Round-trip time: 0.000000 seconds)
2024-10-13 21:19:53.604319 - Client 14 connected at 2024-10-13 21:19:53.587359
2024-10-13 21:19:53.604319 - Client 5 received: Backend response: Hello from client 5 (Round-trip time: 0.000000 seconds)
2024-10-13 21:19:53.604319 - Client 6 received: Backend response: Hello from client 6 (Round-trip time: 0.000000 seconds)
2024-10-13 21:19:53.604319 - Client 11 received: Backend response: Hello from client 11 (Round-trip time: 0.016960 seconds)
2024-10-13 21:19:53.604319 - Client 12 sent: Hello from client 12
2024-10-13 21:19:53.604319 - Client 19 connected at 2024-10-13 21:19:53.604319
2024-10-13 21:19:53.604319 - Client 13 sent: Hello from client 13
2024-10-13 21:19:53.604319 - Client 8 received: Backend response: Hello from client 8 (Round-trip time: 0.016960 seconds)
2024-10-13 21:19:53.604319 - Client 10 sent: Hello from client 10
2024-10-13 21:19:53.604319 - Client 14 sent: Hello from client 14
2024-10-13 21:19:53.604319 - Client 17 connected at 2024-10-13 21:19:53.604319
2024-10-13 21:19:53.604319 - Client 18 connected at 2024-10-13 21:19:53.604319
2024-10-13 21:19:53.604319 - Client 13 received: Backend response: Hello from client 13 (Round-trip time: 0.016960 seconds)
2024-10-13 21:19:53.604319 - Client 9 received: Backend response: Hello from client 9 (Round-trip time: 0.016960 seconds)
2024-10-13 21:19:53.604319 - Client 10 received: Backend response: Hello from client 10 (Round-trip time: 0.016960 seconds)
2024-10-13 21:19:53.604319 - Client 12 received: Backend response: Hello from client 12 (Round-trip time: 0.016960 seconds)
2024-10-13 21:19:53.604319 - Client 16 connected at 2024-10-13 21:19:53.604319
2024-10-13 21:19:53.604319 - Client 18 sent: Hello from client 18
2024-10-13 21:19:53.604319 - Client 19 sent: Hello from client 19
2024-10-13 21:19:53.604319 - Client 17 sent: Hello from client 17
2024-10-13 21:19:53.604319 - Client 16 sent: Hello from client 16
2024-10-13 21:19:53.604319 - Client 14 received: Backend response: Hello from client 14 (Round-trip time: 0.016960 seconds)
2024-10-13 21:19:53.618823 - Client 19 received: Backend response: Hello from client 19 (Round-trip time: 0.000000 seconds)
2024-10-13 21:19:53.618823 - Client 18 received: Backend response: Hello from client 18 (Round-trip time: 0.000000 seconds)
2024-10-13 21:19:53.618823 - Client 17 received: Backend response: Hello from client 17 (Round-trip time: 0.000000 seconds)
2024-10-13 21:19:53.618823 - Client 16 received: Backend response: Hello from client 16 (Round-trip time: 0.000000 seconds)
2024-10-13 21:19:54.103813 - Client 15 connected at 2024-10-13 21:19:54.103813
2024-10-13 21:19:54.103813 - Client 15 sent: Hello from client 15
2024-10-13 21:19:54.103813 - Client 15 received: Backend response: Hello from client 15 (Round-trip time: 0.000000 seconds)
2024-10-13 21:29:02.882349 - Client 0 connected at 2024-10-13 21:29:02.882349
2024-10-13 21:29:02.897963 - Client 2 connected at 2024-10-13 21:29:02.882349
2024-10-13 21:29:02.897963 - Client 1 connected at 2024-10-13 21:29:02.882349
2024-10-13 21:29:02.897963 - Client 3 connected at 2024-10-13 21:29:02.882349
2024-10-13 21:29:02.897963 - Client 0 sent: Hello from client 0
2024-10-13 21:29:02.897963 - Client 2 sent: Hello from client 2
2024-10-13 21:29:02.897963 - Client 4 connected at 2024-10-13 21:29:02.897963
2024-10-13 21:29:02.897963 - Client 3 sent: Hello from client 3
2024-10-13 21:29:02.897963 - Client 1 sent: Hello from client 1
2024-10-13 21:29:02.897963 - Client 5 connected at 2024-10-13 21:29:02.897963
2024-10-13 21:29:02.897963 - Client 6 connected at 2024-10-13 21:29:02.897963
2024-10-13 21:29:02.897963 - Client 0 received: Backend response: Hello from client 0 (Round-trip time: 0.015614 seconds)
2024-10-13 21:29:02.897963 - Client 7 connected at 2024-10-13 21:29:02.897963
2024-10-13 21:29:02.897963 - Client 1 received: Backend response: Hello from client 1 (Round-trip time: 0.015614 seconds)
2024-10-13 21:29:02.897963 - Client 8 connected at 2024-10-13 21:29:02.897963
2024-10-13 21:29:02.897963 - Client 4 sent: Hello from client 4
2024-10-13 21:29:02.897963 - Client 9 connected at 2024-10-13 21:29:02.897963
2024-10-13 21:29:02.897963 - Client 5 sent: Hello from client 5
2024-10-13 21:29:02.897963 - Client 10 connected at 2024-10-13 21:29:02.897963
2024-10-13 21:29:02.897963 - Client 11 connected at 2024-10-13 21:29:02.897963
2024-10-13 21:29:02.897963 - Client 2 received: Backend response: Hello from client 2 (Round-trip time: 0.015614 seconds)
2024-10-13 21:29:02.897963 - Client 3 received: Backend response: Hello from client 3 (Round-trip time: 0.015614 seconds)
2024-10-13 21:29:02.897963 - Client 8 sent: Hello from client 8
2024-10-13 21:29:02.897963 - Client 6 sent: Hello from client 6
2024-10-13 21:29:02.897963 - Client 7 sent: Hello from client 7
2024-10-13 21:29:02.897963 - Client 12 connected at 2024-10-13 21:29:02.897963
2024-10-13 21:29:02.897963 - Client 10 sent: Hello from client 10
2024-10-13 21:29:02.897963 - Client 5 received: Backend response: Hello from client 5 (Round-trip time: 0.000000 seconds)
2024-10-13 21:29:02.897963 - Client 14 connected at 2024-10-13 21:29:02.897963
2024-10-13 21:29:02.897963 - Client 11 sent: Hello from client 11
2024-10-13 21:29:02.897963 - Client 9 sent: Hello from client 9
2024-10-13 21:29:02.897963 - Client 13 connected at 2024-10-13 21:29:02.897963
2024-10-13 21:29:02.897963 - Client 4 received: Backend response: Hello from client 4 (Round-trip time: 0.000000 seconds)
2024-10-13 21:29:02.897963 - Client 12 sent: Hello from client 12
ello from client 7 (Round-trip time: 0.000000 seconds)
2024-10-13 21:29:02.897963 - Client 6 received: Backend response: Hello from client 6 (Round-trip time: 0.000000 seconds)
2024-10-13 21:29:02.897963 - Client 17 connected at 2024-10-13 21:29:02.897963
2024-10-13 21:29:02.897963 - Client 16 connected at 2024-10-13 21:29:02.897963
2024-10-13 21:29:02.897963 - Client 15 connected at 2024-10-13 21:29:02.897963
2024-10-13 21:29:02.897963 - Client 13 sent: Hello from client 13
2024-10-13 21:29:02.897963 - Client 9 received: Backend response: Hello from client 9 (Round-trip time: 0.000000 seconds)
2024-10-13 21:29:02.897963 - Client 14 sent: Hello from client 14
2024-10-13 21:29:02.897963 - Client 11 received: Backend response: Hello from client 11 (Round-trip time: 0.000000 seconds)
2024-10-13 21:29:02.897963 - Client 8 received: Backend response: Hello from client 8 (Round-trip time: 0.000000 seconds)
2024-10-13 21:29:02.897963 - Client 10 received: Backend response: Hello from client 10 (Round-trip time: 0.000000 seconds)
2024-10-13 21:29:02.897963 - Client 16 sent: Hello from client 16
2024-10-13 21:29:02.897963 - Client 17 sent: Hello from client 17
2024-10-13 21:29:02.897963 - Client 18 sent: Hello from client 18
2024-10-13 21:29:02.897963 - Client 15 sent: Hello from client 15
2024-10-13 21:29:02.897963 - Client 12 received: Backend response: Hello from client 12 (Round-trip time: 0.000000 seconds)
2024-10-13 21:29:02.897963 - Client 15 received: Backend response: Hello from client 15 (Round-trip time: 0.000000 seconds)
2024-10-13 21:29:02.897963 - Client 14 received: Backend response: Hello from client 14 (Round-trip time: 0.000000 seconds)
2024-10-13 21:29:02.897963 - Client 13 received: Backend response: Hello from client 13 (Round-trip time: 0.000000 seconds)
2024-10-13 21:29:02.897963 - Client 18 received: Backend response: Hello from client 18 (Round-trip time: 0.000000 seconds)
2024-10-13 21:29:02.897963 - Client 16 received: Backend response: Hello from client 16 (Round-trip time: 0.000000 seconds)
2024-10-13 21:29:02.897963 - Client 17 received: Backend response: Hello from client 17 (Round-trip time: 0.000000 seconds)
2024-10-13 21:29:03.414198 - Client 19 connected at 2024-10-13 21:29:03.414198
2024-10-13 21:29:03.414198 - Client 19 sent: Hello from client 19
2024-10-13 21:29:03.414198 - Client 19 received: Backend response: Hello from client 19 (Round-trip time: 0.000000 seconds)
2024-10-13 21:33:10.051715 - Client 0 connected at 2024-10-13 21:33:10.051715
2024-10-13 21:33:10.051715 - Client 1 connected at 2024-10-13 21:33:10.051715
2024-10-13 21:33:10.051715 - Client 2 connected at 2024-10-13 21:33:10.051715
2024-10-13 21:33:10.051715 - Client 1 sent: Hello from client 1
2024-10-13 21:33:10.051715 - Client 3 connected at 2024-10-13 21:33:10.051715
2024-10-13 21:33:10.051715 - Client 0 sent: Hello from client 0
2024-10-13 21:33:10.051715 - Client 4 connected at 2024-10-13 21:33:10.051715
2024-10-13 21:33:10.051715 - Client 5 connected at 2024-10-13 21:33:10.051715
2024-10-13 21:33:10.051715 - Client 6 connected at 2024-10-13 21:33:10.051715
2024-10-13 21:33:10.051715 - Client 2 sent: Hello from client 2
2024-10-13 21:33:10.051715 - Client 8 connected at 2024-10-13 21:33:10.051715
2024-10-13 21:33:10.066116 - Client 3 sent: Hello from client 3
2024-10-13 21:33:10.066116 - Client 4 sent: Hello from client 4
2024-10-13 21:33:10.066116 - Client 9 connected at 2024-10-13 21:33:10.066116
2024-10-13 21:33:10.066116 - Client 1 received: Backend response: Hello from client 1 (Round-trip time: 0.000000 seconds)
2024-10-13 21:33:10.066116 - Client 7 connected at 2024-10-13 21:33:10.051715
2024-10-13 21:33:10.066116 - Client 0 received: Backend response: Hello from client 0 (Round-trip time: 0.014401 seconds)
2024-10-13 21:33:10.066116 - Client 8 sent: Hello from client 8
2024-10-13 21:33:10.066116 - Client 6 sent: Hello from client 6
2024-10-13 21:33:10.066116 - Client 2 received: Backend response: Hello from client 2 (Round-trip time: 0.014401 seconds)
2024-10-13 21:33:10.067210 - Client 5 sent: Hello from client 5
2024-10-13 21:33:10.067210 - Client 11 connected at 2024-10-13 21:33:10.066116
2024-10-13 21:33:10.067210 - Client 3 received: Backend response: Hello from client 3 (Round-trip time: 0.014401 seconds)
2024-10-13 21:33:10.067210 - Client 4 received: Backend response: Hello from client 4 (Round-trip time: 0.015495 seconds)
2024-10-13 21:33:10.067210 - Client 9 sent: Hello from client 9
2024-10-13 21:33:10.068215 - Client 6 received: Backend response: Hello from client 6 (Round-trip time: 0.015495 seconds)
2024-10-13 21:33:10.068215 - Client 10 connected at 2024-10-13 21:33:10.067210
2024-10-13 21:33:10.068215 - Client 5 received: Backend response: Hello from client 5 (Round-trip time: 0.015495 seconds)
2024-10-13 21:33:10.068215 - Client 12 connected at 2024-10-13 21:33:10.067210
2024-10-13 21:33:10.068215 - Client 8 received: Backend response: Hello from client 8 (Round-trip time: 0.015495 seconds)
2024-10-13 21:33:10.068215 - Client 11 sent: Hello from client 11
2024-10-13 21:33:10.068215 - Client 7 received: Backend response: Hello from client 7 (Round-trip time: 0.016500 seconds)
2024-10-13 21:33:10.068215 - Client 14 connected at 2024-10-13 21:33:10.068215
2024-10-13 21:33:10.068215 - Client 17 connected at 2024-10-13 21:33:10.068215
2024-10-13 21:33:10.068215 - Client 16 connected at 2024-10-13 21:33:10.068215
2024-10-13 21:33:10.068215 - Client 9 received: Backend response: Hello from client 9 (Round-trip time: 0.002099 seconds)
2024-10-13 21:33:10.068215 - Client 13 connected at 2024-10-13 21:33:10.067210
2024-10-13 21:33:10.068215 - Client 10 sent: Hello from client 10
2024-10-13 21:33:10.068215 - Client 12 sent: Hello from client 12
2024-10-13 21:33:10.068215 - Client 15 connected at 2024-10-13 21:33:10.068215
2024-10-13 21:33:10.068215 - Client 19 connected at 2024-10-13 21:33:10.068215
2024-10-13 21:33:10.068215 - Client 18 connected at 2024-10-13 21:33:10.068215
2024-10-13 21:33:10.068215 - Client 16 sent: Hello from client 16
2024-10-13 21:33:10.068215 - Client 17 sent: Hello from client 17
2024-10-13 21:33:10.068215 - Client 14 sent: Hello from client 14
2024-10-13 21:33:10.068215 - Client 12 received: Backend response: Hello from client 12 (Round-trip time: 0.001005 seconds)
2024-10-13 21:33:10.068215 - Client 13 sent: Hello from client 13
2024-10-13 21:33:10.068215 - Client 19 sent: Hello from client 19
2024-10-13 21:33:10.068215 - Client 11 received: Backend response: Hello from client 11 (Round-trip time: 0.002099 seconds)
2024-10-13 21:33:10.068215 - Client 10 received: Backend response: Hello from client 10 (Round-trip time: 0.001005 seconds)
2024-10-13 21:33:10.068215 - Client 16 received: Backend response: Hello from client 16 (Round-trip time: 0.000000 seconds)
2024-10-13 21:33:10.068215 - Client 18 sent: Hello from client 18
2024-10-13 21:33:10.068215 - Client 13 received: Backend response: Hello from client 13 (Round-trip time: 0.001005 seconds)
2024-10-13 21:33:10.068215 - Client 14 received: Backend response: Hello from client 14 (Round-trip time: 0.000000 seconds)
2024-10-13 21:33:10.068215 - Client 15 received: Backend response: Hello from client 15 (Round-trip time: 0.000000 seconds)
2024-10-13 21:33:10.068215 - Client 17 received: Backend response: Hello from client 17 (Round-trip time: 0.000000 seconds)
2024-10-13 21:33:10.068215 - Client 18 received: Backend response: Hello from client 18 (Round-trip time: 0.000000 seconds)
2024-10-13 21:33:10.068215 - Client 19 received: Backend response: Hello from client 19 (Round-trip time: 0.000000 seconds)
2024-10-13 21:35:35.666269 - Client 0 connected at 2024-10-13 21:35:35.666269
2024-10-13 21:35:35.666269 - Client 1 connected at 2024-10-13 21:35:35.666269
2024-10-13 21:35:35.666269 - Client 0 sent: Hello from client 0
2024-10-13 21:35:35.666269 - Client 2 connected at 2024-10-13 21:35:35.666269
2024-10-13 21:35:35.666269 - Client 3 connected at 2024-10-13 21:35:35.666269
2024-10-13 21:35:35.666269 - Client 4 connected at 2024-10-13 21:35:35.666269
2024-10-13 21:35:35.666269 - Client 1 sent: Hello from client 1
2024-10-13 21:35:35.666269 - Client 2 sent: Hello from client 2
2024-10-13 21:35:35.666269 - Client 3 sent: Hello from client 3
2024-10-13 21:35:35.666269 - Client 4 sent: Hello from client 4
2024-10-13 21:35:35.666269 - Client 1 received: Backend response: Hello from client 1 (Round-trip time: 0.000000 seconds)
2024-10-13 21:35:35.666269 - Client 0 received: Backend response: Hello from client 0 (Round-trip time: 0.000000 seconds)
2024-10-13 21:35:35.666269 - Client 3 received: Backend response: Hello from client 3 (Round-trip time: 0.000000 seconds)
2024-10-13 21:35:35.666269 - Client 2 received: Backend response: Hello from client 2 (Round-trip time: 0.000000 seconds)
2024-10-13 21:35:35.666269 - Client 4 received: Backend response: Hello from client 4 (Round-trip time: 0.000000 seconds)
2024-10-13 21:36:05.777218 - Client 1 connected at 2024-10-13 21:36:05.777218
2024-10-13 21:36:05.777218 - Client 0 connected at 2024-10-13 21:36:05.777218
2024-10-13 21:36:05.777218 - Client 1 sent: Hello from client 1
2024-10-13 21:36:05.777218 - Client 2 connected at 2024-10-13 21:36:05.777218
2024-10-13 21:36:05.777218 - Client 3 connected at 2024-10-13 21:36:05.777218
2024-10-13 21:36:05.777218 - Client 0 sent: Hello from client 0
2024-10-13 21:36:05.777218 - Client 4 connected at 2024-10-13 21:36:05.777218
2024-10-13 21:36:05.777218 - Client 3 sent: Hello from client 3
2024-10-13 21:36:05.777218 - Client 2 sent: Hello from client 2
2024-10-13 21:36:05.777218 - Client 4 sent: Hello from client 4
2024-10-13 21:36:05.777218 - Client 0 received: Backend response: Hello from client 0 (Round-trip time: 0.000000 seconds)
2024-10-13 21:36:05.777218 - Client 2 received: Backend response: Hello from client 2 (Round-trip time: 0.000000 seconds)
2024-10-13 21:36:05.777218 - Client 3 received: Backend response: Hello from client 3 (Round-trip time: 0.000000 seconds)
2024-10-13 21:36:05.777218 - Client 4 received: Backend response: Hello from client 4 (Round-trip time: 0.000000 seconds)
2024-10-13 21:36:40.231111 - Client 1 connected at 2024-10-13 21:36:40.231111
2024-10-13 21:36:40.231111 - Client 0 connected at 2024-10-13 21:36:40.231111
2024-10-13 21:36:40.231111 - Client 0 sent: Hello from client 0
2024-10-13 21:36:40.231111 - Client 3 connected at 2024-10-13 21:36:40.231111
2024-10-13 21:36:40.231111 - Client 1 sent: Hello from client 1
2024-10-13 21:36:40.231111 - Client 2 connected at 2024-10-13 21:36:40.231111
2024-10-13 21:36:40.231111 - Client 3 sent: Hello from client 3
2024-10-13 21:36:40.231111 - Client 2 sent: Hello from client 2
2024-10-13 21:36:40.231111 - Client 4 connected at 2024-10-13 21:36:40.231111
2024-10-13 21:36:40.231111 - Client 0 received: Backend response: Hello from client 0 (Round-trip time: 0.000000 seconds)
2024-10-13 21:36:40.231111 - Client 4 sent: Hello from client 4
2024-10-13 21:36:40.231111 - Client 2 received: Backend response: Hello from client 2 (Round-trip time: 0.000000 seconds)
2024-10-13 21:36:40.231111 - Client 1 received: Backend response: Hello from client 1 (Round-trip time: 0.000000 seconds)
2024-10-13 21:36:40.231111 - Client 3 received: Backend response: Hello from client 3 (Round-trip time: 0.000000 seconds)
2024-10-13 21:36:40.231111 - Client 4 received: Backend response: Hello from client 4 (Round-trip time: 0.000000 seconds)
2024-10-13 21:38:34.226466 - Client 0 connected at 2024-10-13 21:38:34.226466
2024-10-13 21:38:34.226466 - Client 1 connected at 2024-10-13 21:38:34.226466
2024-10-13 21:38:34.226466 - Client 2 connected at 2024-10-13 21:38:34.226466
2024-10-13 21:38:34.226466 - Client 1 sent: Hello from client 1
2024-10-13 21:38:34.242076 - Client 4 connected at 2024-10-13 21:38:34.226466
2024-10-13 21:38:34.242076 - Client 3 connected at 2024-10-13 21:38:34.226466
2024-10-13 21:38:34.242076 - Client 2 sent: Hello from client 2
2024-10-13 21:38:34.242076 - Client 0 received: Backend response: Hello from client 0 (Round-trip time: 0.015610 seconds)
2024-10-13 21:38:34.242076 - Client 4 sent: Hello from client 4
2024-10-13 21:38:34.242076 - Client 3 sent: Hello from client 3
2024-10-13 21:38:34.242076 - Client 1 received: Backend response: Hello from client 1 (Round-trip time: 0.015610 seconds)
2024-10-13 21:38:34.242076 - Client 2 received: Backend response: Hello from client 2 (Round-trip time: 0.015610 seconds)
2024-10-13 21:38:34.242076 - Client 3 received: Backend response: Hello from client 3 (Round-trip time: 0.015610 seconds)
2024-10-13 21:38:34.242076 - Client 4 received: Backend response: Hello from client 4 (Round-trip time: 0.015610 seconds)
2024-10-13 21:41:43.975829 - Client 0 connected at 2024-10-13 21:41:43.975829
2024-10-13 21:41:43.975829 - Client 1 connected at 2024-10-13 21:41:43.975829
2024-10-13 21:41:43.975829 - Client 2 connected at 2024-10-13 21:41:43.975829
2024-10-13 21:41:43.976827 - Client 1 sent: Hello from client 1
2024-10-13 21:41:43.976827 - Client 0 sent: Hello from client 0
2024-10-13 21:41:43.976827 - Client 3 connected at 2024-10-13 21:41:43.976827
2024-10-13 21:41:43.976827 - Client 4 connected at 2024-10-13 21:41:43.976827
2024-10-13 21:41:43.976827 - Client 7 connected at 2024-10-13 21:41:43.976827
2024-10-13 21:41:43.977827 - Client 5 connected at 2024-10-13 21:41:43.976827
2024-10-13 21:41:43.977827 - Client 2 sent: Hello from client 2
2024-10-13 21:41:43.977827 - Client 6 connected at 2024-10-13 21:41:43.976827
2024-10-13 21:41:43.977827 - Client 1 received: Backend response: Hello from client 1 (Round-trip time: 0.001998 seconds)
2024-10-13 21:41:43.977827 - Client 7 sent: Hello from client 7
2024-10-13 21:41:43.977827 - Client 5 sent: Hello from client 5
2024-10-13 21:41:43.977827 - Client 0 received: Backend response: Hello from client 0 (Round-trip time: 0.001998 seconds)
2024-10-13 21:41:43.977827 - Client 4 sent: Hello from client 4
2024-10-13 21:41:43.978830 - Client 9 connected at 2024-10-13 21:41:43.977827
2024-10-13 21:41:43.978830 - Client 8 connected at 2024-10-13 21:41:43.977827
2024-10-13 21:41:43.978830 - Client 2 received: Backend response: Hello from client 2 (Round-trip time: 0.003001 seconds)
2024-10-13 21:41:43.978830 - Client 6 sent: Hello from client 6
2024-10-13 21:41:43.978830 - Client 4 received: Backend response: Hello from client 4 (Round-trip time: 0.002003 seconds)
2024-10-13 21:41:43.978830 - Client 9 sent: Hello from client 9
2024-10-13 21:41:43.978830 - Client 8 sent: Hello from client 8
2024-10-13 21:41:43.979827 - Client 3 received: Backend response: Hello from client 3 (Round-trip time: 0.002003 seconds)
2024-10-13 21:41:43.979827 - Client 5 received: Backend response: Hello from client 5 (Round-trip time: 0.002003 seconds)
2024-10-13 21:41:43.979827 - Client 7 received: Backend response: Hello from client 7 (Round-trip time: 0.002003 seconds)
2024-10-13 21:41:43.979827 - Client 8 received: Backend response: Hello from client 8 (Round-trip time: 0.002000 seconds)
2024-10-13 21:41:43.980827 - Client 6 received: Backend response: Hello from client 6 (Round-trip time: 0.003000 seconds)
2024-10-13 21:41:43.980827 - Client 9 received: Backend response: Hello from client 9 (Round-trip time: 0.003000 seconds)
2024-10-13 21:43:43.418868 - Client 1 connected at 2024-10-13 21:43:43.403256
2024-10-13 21:43:43.418868 - Client 0 connected at 2024-10-13 21:43:43.403256
2024-10-13 21:43:43.418868 - Client 3 connected at 2024-10-13 21:43:43.418868
2024-10-13 21:43:43.418868 - Client 2 sent: Hello from client 2
2024-10-13 21:43:43.418868 - Client 0 sent: Hello from client 0
2024-10-13 21:43:43.418868 - Client 4 connected at 2024-10-13 21:43:43.418868
2024-10-13 21:43:43.418868 - Client 5 connected at 2024-10-13 21:43:43.418868
2024-10-13 21:43:43.418868 - Client 1 sent: Hello from client 1
2024-10-13 21:43:43.418868 - Client 4 sent: Hello from client 4
2024-10-13 21:43:43.418868 - Client 8 connected at 2024-10-13 21:43:43.418868
2024-10-13 21:43:43.418868 - Client 7 connected at 2024-10-13 21:43:43.418868
2024-10-13 21:43:43.418868 - Client 10 connected at 2024-10-13 21:43:43.418868
2024-10-13 21:43:43.418868 - Client 3 sent: Hello from client 3
2024-10-13 21:43:43.418868 - Client 5 sent: Hello from client 5
2024-10-13 21:43:43.418868 - Client 6 connected at 2024-10-13 21:43:43.418868
2024-10-13 21:43:43.418868 - Client 10 sent: Hello from client 10
2024-10-13 21:43:43.418868 - Client 0 received: Backend response: Hello from client 0 (Round-trip time: 0.015612 seconds)
2024-10-13 21:43:43.418868 - Client 2 received: Backend response: Hello from client 2 (Round-trip time: 0.015612 seconds)
2024-10-13 21:43:43.418868 - Client 7 sent: Hello from client 7
2024-10-13 21:43:43.418868 - Client 9 connected at 2024-10-13 21:43:43.418868
2024-10-13 21:43:43.418868 - Client 11 connected at 2024-10-13 21:43:43.418868
2024-10-13 21:43:43.418868 - Client 12 connected at 2024-10-13 21:43:43.418868
2024-10-13 21:43:43.418868 - Client 3 received: Backend response: Hello from client 3 (Round-trip time: 0.000000 seconds)
2024-10-13 21:43:43.418868 - Client 5 received: Backend response: Hello from client 5 (Round-trip time: 0.000000 seconds)
2024-10-13 21:43:43.418868 - Client 8 sent: Hello from client 8
2024-10-13 21:43:43.418868 - Client 12 sent: Hello from client 12
2024-10-13 21:43:43.418868 - Client 6 sent: Hello from client 6
2024-10-13 21:43:43.418868 - Client 9 sent: Hello from client 9
2024-10-13 21:43:43.418868 - Client 4 received: Backend response: Hello from client 4 (Round-trip time: 0.000000 seconds)
2024-10-13 21:43:43.418868 - Client 13 connected at 2024-10-13 21:43:43.418868
2024-10-13 21:43:43.418868 - Client 11 sent: Hello from client 11
2024-10-13 21:43:43.418868 - Client 1 received: Backend response: Hello from client 1 (Round-trip time: 0.015612 seconds)
2024-10-13 21:43:43.418868 - Client 7 received: Backend response: Hello from client 7 (Round-trip time: 0.000000 seconds)
2024-10-13 21:43:43.418868 - Client 8 received: Backend response: Hello from client 8 (Round-trip time: 0.000000 seconds)
2024-10-13 21:43:43.418868 - Client 6 received: Backend response: Hello from client 6 (Round-trip time: 0.000000 seconds)
2024-10-13 21:43:43.418868 - Client 15 connected at 2024-10-13 21:43:43.418868
2024-10-13 21:43:43.418868 - Client 16 connected at 2024-10-13 21:43:43.418868
2024-10-13 21:43:43.418868 - Client 18 connected at 2024-10-13 21:43:43.418868
2024-10-13 21:43:43.418868 - Client 14 connected at 2024-10-13 21:43:43.418868
2024-10-13 21:43:43.418868 - Client 10 received: Backend response: Hello from cl2024-10-13 21:43:43.418868 - Client 9 received: Backend response: Hello from client 9 (Round-trip time: 0.000000 seconds)
2024-10-13 21:43:43.418868 - Client 15 sent: Hello from client 15
3:43.418868
2024-10-13 21:43:43.418868 - Client 11 received: Backend response: Hello from client 11 (Round-trip time: 0.000000 seconds)
2024-10-13 21:43:43.418868 - Client 18 sent: Hello from client 18
2024-10-13 21:43:43.418868 - Client 12 received: Backend response: Hello from client 12 (Round-trip time: 0.000000 seconds)
2024-10-13 21:43:43.418868 - Client 13 sent: Hello from client 13
2024-10-13 21:43:43.418868 - Client 14 sent: Hello from client 14
2024-10-13 21:43:43.418868 - Client 16 sent: Hello from client 16
2024-10-13 21:43:43.418868 - Client 17 sent: Hello from client 17
2024-10-13 21:43:43.418868 - Client 19 sent: Hello from client 19
2024-10-13 21:43:43.418868 - Client 14 received: Backend response: Hello from client 14 (Round-trip time: 0.000000 seconds)
2024-10-13 21:43:43.418868 - Client 15 received: Backend response: Hello from client 15 (Round-trip time: 0.000000 seconds)
2024-10-13 21:43:43.418868 - Client 13 received: Backend response: Hello from client 13 (Round-trip time: 0.000000 seconds)
2024-10-13 21:43:43.418868 - Client 16 received: Backend response: Hello from client 16 (Round-trip time: 0.000000 seconds)
2024-10-13 21:43:43.418868 - Client 17 received: Backend response: Hello from client 17 (Round-trip time: 0.000000 seconds)
2024-10-13 21:43:43.418868 - Client 18 received: Backend response: Hello from client 18 (Round-trip time: 0.000000 seconds)
2024-10-13 21:43:43.418868 - Client 19 received: Backend response: Hello from client 19 (Round-trip time: 0.000000 seconds)
2024-10-13 21:47:10.030796 - Client 1 connected at 2024-10-13 21:47:10.030796
2024-10-13 21:47:10.030796 - Client 1 sent: Hello from client 1
2024-10-13 21:47:10.030796 - Client 0 sent: Hello from client 0
2024-10-13 21:47:10.030796 - Client 2 connected at 2024-10-13 21:47:10.030796
2024-10-13 21:47:10.030796 - Client 4 connected at 2024-10-13 21:47:10.030796
2024-10-13 21:47:10.030796 - Client 3 connected at 2024-10-13 21:47:10.030796
2024-10-13 21:47:10.030796 - Client 2 sent: Hello from client 2
2024-10-13 21:47:10.030796 - Client 3 sent: Hello from client 3
2024-10-13 21:47:10.030796 - Client 4 sent: Hello from client 4
2024-10-13 21:47:10.030796 - Client 5 connected at 2024-10-13 21:47:10.030796
2024-10-13 21:47:10.030796 - Client 1 received: Backend response: Hello from client 1 (Round-trip time: 0.000000 seconds)
2024-10-13 21:47:10.030796 - Client 2 received: Backend response: Hello from client 2 (Round-trip time: 0.000000 seconds)
2024-10-13 21:47:10.030796 - Client 6 connected at 2024-10-13 21:47:10.030796
2024-10-13 21:47:10.030796 - Client 0 received: Backend response: Hello from client 0 (Round-trip time: 0.000000 seconds)
2024-10-13 21:47:10.030796 - Client 4 received: Backend response: Hello from client 4 (Round-trip time: 0.000000 seconds)
2024-10-13 21:47:10.030796 - Client 5 sent: Hello from client 5
2024-10-13 21:47:10.030796 - Client 9 connected at 2024-10-13 21:47:10.030796
2024-10-13 21:47:10.030796 - Client 8 connected at 2024-10-13 21:47:10.030796
2024-10-13 21:47:10.030796 - Client 7 connected at 2024-10-13 21:47:10.030796
2024-10-13 21:47:10.030796 - Client 10 connected at 2024-10-13 21:47:10.030796
2024-10-13 21:47:10.030796 - Client 9 sent: Hello from client 9
2024-10-13 21:47:10.030796 - Client 7 sent: Hello from client 7
2024-10-13 21:47:10.030796 - Client 6 sent: Hello from client 6
2024-10-13 21:47:10.030796 - Client 3 received: Backend response: Hello from client 3 (Round-trip time: 0.000000 seconds)
2024-10-13 21:47:10.030796 - Client 8 sent: Hello from client 8
2024-10-13 21:47:10.030796 - Client 5 received: Backend response: Hello from client 5 (Round-trip time: 0.000000 seconds)
2024-10-13 21:47:10.030796 - Client 10 sent: Hello from client 10
2024-10-13 21:47:10.030796 - Client 12 connected at 2024-10-13 21:47:10.030796
2024-10-13 21:47:10.030796 - Client 14 connected at 2024-10-13 21:47:10.030796
2024-10-13 21:47:10.030796 - Client 11 sent: Hello from client 11
2024-10-13 21:47:10.030796 - Client 15 connected at 2024-10-13 21:47:10.030796
2024-10-13 21:47:10.030796 - Client 7 received: Backend response: Hello from client 7 (Round-trip time: 0.000000 seconds)
2024-10-13 21:47:10.030796 - Client 13 connected at 2024-10-13 21:47:10.030796
2024-10-13 21:47:10.030796 - Client 16 connected at 2024-10-13 21:47:10.030796
2024-10-13 21:47:10.030796 - Client 10 received: Backend response: Hello from client 10 (Round-trip time: 0.000000 seconds)
2024-10-13 21:47:10.030796 - Client 9 received: Backend response: Hello from client 9 (Round-trip time: 0.000000 seconds)
2024-10-13 21:47:10.030796 - Client 12 sent: Hello from client 12
2024-10-13 21:47:10.030796 - Client 11 received: Backend response: Hello from client 11 (Round-trip time: 0.000000 seconds)
2024-10-13 21:47:10.030796 - Client 6 received: Backend response: Hello from client 6 (Round-trip time: 0.000000 seconds)
2024-10-13 21:47:10.030796 - Client 18 connected at 2024-10-13 21:47:10.030796
2024-10-13 21:47:10.030796 - Client 19 connected at 2024-10-13 21:47:10.030796
2024-10-13 21:47:10.030796 - Client 15 sent: Hello from client 15
2024-10-13 21:47:10.030796 - Client 17 connected at 2024-10-13 21:47:10.030796
2024-10-13 21:47:10.030796 - Client 14 sent: Hello from client 14
2024-10-13 21:47:10.030796 - Client 13 sent: Hello from client 13
2024-10-13 21:47:10.030796 - Client 16 sent: Hello from client 16
2024-10-13 21:47:10.030796 - Client 15 received: Backend response: Hello from client 15 (Round-trip time: 0.000000 seconds)
2024-10-13 21:47:10.030796 - Client 14 received: Backend response: Hello from client 14 (Round-trip time: 0.000000 seconds)
2024-10-13 21:47:10.030796 - Client 19 sent: Hello from client 19
2024-10-13 21:47:10.030796 - Client 18 sent: Hello from client 18
2024-10-13 21:47:10.030796 - Client 12 received: Backend response: Hello from client 12 (Round-trip time: 0.000000 seconds)
2024-10-13 21:47:10.030796 - Client 17 sent: Hello from client 17
2024-10-13 21:47:10.030796 - Client 13 received: Backend response: Hello from client 13 (Round-trip time: 0.000000 seconds)
2024-10-13 21:47:10.030796 - Client 16 received: Backend response: Hello from client 16 (Round-trip time: 0.000000 seconds)
2024-10-13 21:47:10.030796 - Client 17 received: Backend response: Hello from client 17 (Round-trip time: 0.000000 seconds)
2024-10-13 21:47:10.030796 - Client 18 received: Backend response: Hello from client 18 (Round-trip time: 0.000000 seconds)
2024-10-13 21:49:40.318729 - Client 0 connected at 2024-10-13 21:49:40.318729
2024-10-13 21:49:40.318729 - Client 1 connected at 2024-10-13 21:49:40.318729
2024-10-13 21:49:40.318729 - Client 0 sent: Hello from client 0
2024-10-13 21:49:40.318729 - Client 3 connected at 2024-10-13 21:49:40.318729
2024-10-13 21:49:40.318729 - Client 2 connected at 2024-10-13 21:49:40.318729
2024-10-13 21:49:40.318729 - Client 1 sent: Hello from client 1
2024-10-13 21:49:40.318729 - Client 4 connected at 2024-10-13 21:49:40.318729
2024-10-13 21:49:40.318729 - Client 3 sent: Hello from client 3
2024-10-13 21:49:40.318729 - Client 2 sent: Hello from client 2
2024-10-13 21:49:40.318729 - Client 4 sent: Hello from client 4
2024-10-13 21:49:40.318729 - Client 1 received: Backend response: Hello from client 1 (Round-trip time: 0.000000 seconds)
2024-10-13 21:49:40.318729 - Client 0 received: Backend response: Hello from client 0 (Round-trip time: 0.000000 seconds)
2024-10-13 21:49:40.318729 - Client 2 received: Backend response: Hello from client 2 (Round-trip time: 0.000000 seconds)
2024-10-13 21:49:40.318729 - Client 3 received: Backend response: Hello from client 3 (Round-trip time: 0.000000 seconds)
2024-10-13 21:49:40.318729 - Client 4 received: Backend response: Hello from client 4 (Round-trip time: 0.000000 seconds)
2024-10-13 21:53:07.373266 - Client 2 connected at 2024-10-13 21:53:07.373266
2024-10-13 21:53:07.373266 - Client 1 connected at 2024-10-13 21:53:07.373266
2024-10-13 21:53:07.374264 - Client 0 connected at 2024-10-13 21:53:07.373266
2024-10-13 21:53:07.374264 - Client 3 connected at 2024-10-13 21:53:07.373266
2024-10-13 21:53:07.374264 - Client 2 sent: Hello from client 2
2024-10-13 21:53:07.374264 - Client 1 sent: Hello from client 1
2024-10-13 21:53:07.374264 - Client 4 connected at 2024-10-13 21:53:07.374264
2024-10-13 21:53:07.374264 - Client 0 sent: Hello from client 0
2024-10-13 21:53:07.374264 - Client 3 sent: Hello from client 3
2024-10-13 21:53:07.374264 - Client 4 sent: Hello from client 4
2024-10-13 21:53:07.375264 - Client 0 received: Backend response: Hello from client 0 (Round-trip time: 0.000998 seconds)
2024-10-13 21:53:07.375264 - Client 1 received: Backend response: Hello from client 1 (Round-trip time: 0.001998 seconds)
2024-10-13 21:53:07.375264 - Client 2 received: Backend response: Hello from client 2 (Round-trip time: 0.001998 seconds)
2024-10-13 21:53:07.375264 - Client 3 received: Backend response: Hello from client 3 (Round-trip time: 0.001998 seconds)
2024-10-13 21:53:07.376270 - Client 4 received: Backend response: Hello from client 4 (Round-trip time: 0.002006 seconds)
2024-10-13 21:54:35.315260 - Client 0 connected at 2024-10-13 21:54:35.315260
2024-10-13 21:54:35.315260 - Client 0 sent: Hello from client 0
2024-10-13 21:54:35.315260 - Client 2 connected at 2024-10-13 21:54:35.315260
2024-10-13 21:54:35.315260 - Client 3 connected at 2024-10-13 21:54:35.315260
2024-10-13 21:54:35.315260 - Client 1 connected at 2024-10-13 21:54:35.315260
2024-10-13 21:54:35.315260 - Client 4 connected at 2024-10-13 21:54:35.315260
2024-10-13 21:54:35.330883 - Client 0 received: Backend response: Hello from client 0 (Round-trip time: 0.000000 seconds)
2024-10-13 21:54:35.330883 - Client 3 sent: Hello from client 3
2024-10-13 21:54:35.330883 - Client 2 sent: Hello from client 2
2024-10-13 21:54:35.330883 - Client 5 connected at 2024-10-13 21:54:35.315260
2024-10-13 21:54:35.330883 - Client 1 sent: Hello from client 1
2024-10-13 21:54:35.330883 - Client 6 connected at 2024-10-13 21:54:35.330883
2024-10-13 21:54:35.330883 - Client 7 connected at 2024-10-13 21:54:35.330883
2024-10-13 21:54:35.330883 - Client 5 sent: Hello from client 5
2024-10-13 21:54:35.330883 - Client 4 sent: Hello from client 4
2024-10-13 21:54:35.330883 - Client 1 received: Backend response: Hello from client 1 (Round-trip time: 0.015623 seconds)
2024-10-13 21:54:35.330883 - Client 2 received: Backend response: Hello from client 2 (Round-trip time: 0.015623 seconds)
2024-10-13 21:54:35.330883 - Client 6 sent: Hello from client 6
2024-10-13 21:54:35.330883 - Client 7 sent: Hello from client 7
2024-10-13 21:54:35.330883 - Client 3 received: Backend response: Hello from client 3 (Round-trip time: 0.015623 seconds)
2024-10-13 21:54:35.330883 - Client 10 connected at 2024-10-13 21:54:35.330883
2024-10-13 21:54:35.330883 - Client 8 connected at 2024-10-13 21:54:35.330883
2024-10-13 21:54:35.330883 - Client 9 connected at 2024-10-13 21:54:35.330883
2024-10-13 21:54:35.330883 - Client 13 connected at 2024-10-13 21:54:35.330883
2024-10-13 21:54:35.330883 - Client 4 received: Backend response: Hello from client 4 (Round-trip time: 0.015623 seconds)
2024-10-13 21:54:35.330883 - Client 6 received: Backend response: Hello from client 6 (Round-trip time: 0.000000 seconds)
2024-10-13 21:54:35.330883 - Client 12 connected at 2024-10-13 21:54:35.330883
2024-10-13 21:54:35.330883 - Client 10 sent: Hello from client 10
2024-10-13 21:54:35.330883 - Client 11 connected at 2024-10-13 21:54:35.330883
2024-10-13 21:54:35.330883 - Client 5 received: Backend response: Hello from client 5 (Round-trip time: 0.015623 seconds)
2024-10-13 21:54:35.330883 - Client 15 connected at 2024-10-13 21:54:35.330883
2024-10-13 21:54:35.330883 - Client 14 connected at 2024-10-13 21:54:35.330883
2024-10-13 21:54:35.330883 - Client 8 sent: Hello from client 8
2024-10-13 21:54:35.330883 - Client 11 sent: Hello from client 11
2024-10-13 21:54:35.330883 - Client 13 sent: Hello from client 13
2024-10-13 21:54:35.330883 - Client 7 received: Backend response: Hello from client 7 (Round-trip time: 0.000000 seconds)
2024-10-13 21:54:35.330883 - Client 9 sent: Hello from client 9
2024-10-13 21:54:35.330883 - Client 12 sent: Hello from client 12
2024-10-13 21:54:35.330883 - Client 10 received: Backend response: Hello from client 10 (Round-trip time: 0.000000 seconds)
2024-10-13 21:54:35.330883 - Client 16 connected at 2024-10-13 21:54:35.330883
2024-10-13 21:54:35.330883 - Client 14 sent: Hello from client 14
2024-10-13 21:54:35.330883 - Client 9 received: Backend response: Hello from client 9 (Round-trip time: 0.000000 seconds)
2024-10-13 21:54:35.330883 - Client 17 connected at 2024-10-13 21:54:35.330883
2024-10-13 21:54:35.330883 - Client 15 sent: Hello from client 15
2024-10-13 21:54:35.330883 - Client 11 received: Backend response: Hello from client 11 (Round-trip time: 0.000000 seconds)
2024-10-13 21:54:35.330883 - Client 8 received: Backend response: Hello from client 8 (Round-trip time: 0.000000 seconds)
2024-10-13 21:54:35.330883 - Client 16 sent: Hello from client 16
2024-10-13 21:54:35.330883 - Client 14 received: Backend response: Hello from client 14 (Round-trip time: 0.000000 seconds)
2024-10-13 21:54:35.330883 - Client 18 connected at 2024-10-13 21:54:35.330883
2024-10-13 21:54:35.330883 - Client 12 received: Backend response: Hello from client 12 (Round-trip time: 0.000000 seconds)
2024-10-13 21:54:35.330883 - Client 13 received: Backend response: Hello from client 13 (Round-trip time: 0.000000 seconds)
2024-10-13 21:54:35.330883 - Client 19 connected at 2024-10-13 21:54:35.330883
2024-10-13 21:54:35.330883 - Client 19 sent: Hello from client 19
2024-10-13 21:54:35.330883 - Client 18 sent: Hello from client 18
2024-10-13 21:54:35.330883 - Client 17 sent: Hello from client 17
2024-10-13 21:54:35.330883 - Client 15 received: Backend response: Hello from client 15 (Round-trip time: 0.000000 seconds)
2024-10-13 21:54:35.330883 - Client 16 received: Backend response: Hello from client 16 (Round-trip time: 0.000000 seconds)
2024-10-13 21:54:35.330883 - Client 17 received: Backend response: Hello from client 17 (Round-trip time: 0.000000 seconds)
2024-10-13 21:54:35.330883 - Client 18 received: Backend response: Hello from client 18 (Round-trip time: 0.000000 seconds)
2024-10-13 21:54:35.330883 - Client 19 received: Backend response: Hello from client 19 (Round-trip time: 0.000000 seconds)
2024-10-13 21:57:46.328829 - Client 1 connected at 2024-10-13 21:57:46.328829
2024-10-13 21:57:46.328829 - Client 0 connected at 2024-10-13 21:57:46.328829
2024-10-13 21:57:46.328829 - Client 2 connected at 2024-10-13 21:57:46.328829
2024-10-13 21:57:46.328829 - Client 2 sent: Hello from client 2
2024-10-13 21:57:46.328829 - Client 1 sent: Hello from client 1
2024-10-13 21:57:46.328829 - Client 3 connected at 2024-10-13 21:57:46.328829
2024-10-13 21:57:46.328829 - Client 0 sent: Hello from client 0
2024-10-13 21:57:46.328829 - Client 4 connected at 2024-10-13 21:57:46.328829
2024-10-13 21:57:46.328829 - Client 3 sent: Hello from client 3
2024-10-13 21:57:46.328829 - Client 4 sent: Hello from client 4
2024-10-13 21:57:46.328829 - Client 0 received: Backend response: Hello from client 0 (Round-trip time: 0.000000 seconds)
2024-10-13 21:57:46.328829 - Client 2 received: Backend response: Hello from client 2 (Round-trip time: 0.000000 seconds)
2024-10-13 21:57:46.328829 - Client 1 received: Backend response: Hello from client 1 (Round-trip time: 0.000000 seconds)
2024-10-13 21:57:46.328829 - Client 3 received: Backend response: Hello from client 3 (Round-trip time: 0.000000 seconds)
2024-10-13 21:57:46.328829 - Client 4 received: Backend response: Hello from client 4 (Round-trip time: 0.000000 seconds)
